console.warn: SearchSettings: "get: No settings file exists, new profile?" (new Error("", "(unknown module)"))
1610679206183	Marionette	INFO	Listening on port 33317
1610679206235	Marionette	WARN	TLS certificate errors will be ignored for this session
1610679208754	Marionette	INFO	Stopped listening on port 33317
console.warn: SearchSettings: "get: No settings file exists, new profile?" (new Error("", "(unknown module)"))
1610680889307	Marionette	INFO	Listening on port 43929
1610680889338	Marionette	WARN	TLS certificate errors will be ignored for this session
1610680924757	Marionette	INFO	Stopped listening on port 43929
console.warn: SearchSettings: "get: No settings file exists, new profile?" (new Error("", "(unknown module)"))
1610680926883	Marionette	INFO	Listening on port 33411
1610680926900	Marionette	WARN	TLS certificate errors will be ignored for this session
JavaScript error: resource://gre/actors/AutoCompleteChild.jsm, line 125: Error: Invalid autocomplete selectedIndex
1610681035801	Marionette	INFO	Stopped listening on port 33411
console.warn: SearchSettings: "get: No settings file exists, new profile?" (new Error("", "(unknown module)"))
1610681038145	Marionette	INFO	Listening on port 42277
1610681038255	Marionette	WARN	TLS certificate errors will be ignored for this session
Exiting due to channel error.
[GFX1-]: Receive IPC close with reason=AbnormalShutdown
Exiting due to channel error.
Exiting due to channel error.
console.warn: SearchSettings: "get: No settings file exists, new profile?" (new Error("", "(unknown module)"))
1610681227404	Marionette	INFO	Listening on port 46185
1610681227491	Marionette	WARN	TLS certificate errors will be ignored for this session
1610681243415	Marionette	INFO	Stopped listening on port 46185
console.warn: SearchSettings: "get: No settings file exists, new profile?" (new Error("", "(unknown module)"))
1610681937753	Marionette	INFO	Listening on port 45005
1610681937778	Marionette	WARN	TLS certificate errors will be ignored for this session
1610681951565	Marionette	INFO	Stopped listening on port 45005
console.warn: SearchSettings: "get: No settings file exists, new profile?" (new Error("", "(unknown module)"))
1610681955630	Marionette	INFO	Listening on port 40169
1610681955662	Marionette	WARN	TLS certificate errors will be ignored for this session
1610682067402	Marionette	INFO	Stopped listening on port 40169
console.warn: SearchSettings: "get: No settings file exists, new profile?" (new Error("", "(unknown module)"))
1610682069606	Marionette	INFO	Listening on port 40847
1610682069645	Marionette	WARN	TLS certificate errors will be ignored for this session
JavaScript error: , line 0: NotFoundError: No such JSWindowActor 'MarionetteEvents'
JavaScript error: chrome://marionette/content/proxy.js, line 218: TypeError: this.browser.driver.dialogObserver is null
1610682091012	Marionette	INFO	Stopped listening on port 40847
console.warn: SearchSettings: "get: No settings file exists, new profile?" (new Error("", "(unknown module)"))
1610682106681	Marionette	INFO	Listening on port 44825
1610682106702	Marionette	WARN	TLS certificate errors will be ignored for this session
Exiting due to channel error.
Exiting due to channel error.
Exiting due to channel error.
console.warn: SearchSettings: "get: No settings file exists, new profile?" (new Error("", "(unknown module)"))
1610682196262	Marionette	INFO	Listening on port 41509
1610682196312	Marionette	WARN	TLS certificate errors will be ignored for this session
1610682214988	Marionette	WARN	TimedPromise timed out after 500 ms: stacktrace:
TimedPromise/<@chrome://marionette/content/sync.js:235:19
TimedPromise@chrome://marionette/content/sync.js:220:10
interaction.flushEventLoop@chrome://marionette/content/interaction.js:418:10
webdriverClickElement@chrome://marionette/content/interaction.js:179:31
Exiting due to channel error.
Exiting due to channel error.
Exiting due to channel error.
console.warn: SearchSettings: "get: No settings file exists, new profile?" (new Error("", "(unknown module)"))
1610682261919	Marionette	INFO	Listening on port 43801
1610682261965	Marionette	WARN	TLS certificate errors will be ignored for this session
1610682265172	Marionette	INFO	Stopped listening on port 43801
console.warn: SearchSettings: "get: No settings file exists, new profile?" (new Error("", "(unknown module)"))
1610682267434	Marionette	INFO	Listening on port 38217
1610682267452	Marionette	WARN	TLS certificate errors will be ignored for this session
1610682269573	Marionette	INFO	Stopped listening on port 38217
console.warn: SearchSettings: "get: No settings file exists, new profile?" (new Error("", "(unknown module)"))
1610682271845	Marionette	INFO	Listening on port 43133
1610682271858	Marionette	WARN	TLS certificate errors will be ignored for this session
1610682274270	Marionette	INFO	Stopped listening on port 43133
console.warn: SearchSettings: "get: No settings file exists, new profile?" (new Error("", "(unknown module)"))
1610682276534	Marionette	INFO	Listening on port 33687
1610682276549	Marionette	WARN	TLS certificate errors will be ignored for this session
Exiting due to channel error.
Exiting due to channel error.
Exiting due to channel error.
console.warn: SearchSettings: "get: No settings file exists, new profile?" (new Error("", "(unknown module)"))
1610682329903	Marionette	INFO	Listening on port 35051
1610682330008	Marionette	WARN	TLS certificate errors will be ignored for this session
1610682332372	Marionette	INFO	Stopped listening on port 35051
console.warn: SearchSettings: "get: No settings file exists, new profile?" (new Error("", "(unknown module)"))
1610682339649	Marionette	INFO	Listening on port 35719
1610682339667	Marionette	WARN	TLS certificate errors will be ignored for this session
1610682341606	Marionette	INFO	Stopped listening on port 35719
console.warn: SearchSettings: "get: No settings file exists, new profile?" (new Error("", "(unknown module)"))
1610682381555	Marionette	INFO	Listening on port 33977
1610682381575	Marionette	WARN	TLS certificate errors will be ignored for this session
1610682385820	Marionette	INFO	Stopped listening on port 33977
console.warn: SearchSettings: "get: No settings file exists, new profile?" (new Error("", "(unknown module)"))
1610682392243	Marionette	INFO	Listening on port 42087
1610682392268	Marionette	WARN	TLS certificate errors will be ignored for this session
1610682394556	Marionette	INFO	Stopped listening on port 42087
